{"level":"error","message":"1"}
{"level":"error","message":"1"}
{"level":"error","message":"Cannot read property 'repo' of undefined"}
{"level":"error","message":"Cannot read property 'repo' of undefined"}
{"level":"error","message":"Cannot read property 'repo' of undefined"}
{"level":"error","message":"Cannot read property 'repo' of undefined"}
{"level":"error","message":"Cannot read property 'repo' of undefined"}
{"level":"error","message":"Cannot read property 'repo' of undefined"}
{"level":"error","message":"Cannot read property 'repository' of undefined"}
{"level":"error","message":"Cannot read property 'repository' of undefined"}
{"level":"error","message":"Cannot read property 'repo' of undefined"}
{"level":"error","message":"Cannot read property 'repo' of undefined"}
{"level":"error","message":"Something went wrong"}
{"level":"error","message":"Cannot read property 'repo' of undefined"}
{"level":"error","message":"Cannot read property 'repo' of undefined"}
{"level":"error","message":"Cannot read property 'r' of undefined"}
{"level":"error","message":"Example not found by given id"}
{"level":"error","message":"Example not found by given id"}
{"level":"error","message":"Example not found by given id"}
{"level":"error","message":"Example not found by given id"}
{"level":"error","message":"Cannot read property 'repo' of undefined"}
{"level":"error","message":"Cannot read property 'repo' of undefined"}
{"level":"error","message":"Cannot read property 'repo' of undefined"}
{"level":"error","message":"Cannot read property 'repo' of undefined"}
{"level":"error","message":"Example not found by given id"}
{"level":"error","message":"Example not found by given id"}
{"level":"error","message":"Cannot read property 'repo' of undefined"}
{"level":"error","message":"Example not found by given id"}
{"level":"error","message":"Example not found by given id"}
{"level":"error","message":"r.router is not a function"}
{"level":"error","message":"r.router is not a function"}
{"level":"error","message":"Example not found by given id"}
{"level":"error","message":"Cannot read property 'repo' of undefined"}
{"level":"error","message":"Example not found by given id"}
{"level":"error","message":"Example not found by given id"}
{"level":"error","message":"Exists title a"}
{"level":"error","message":"Unexpected token e in JSON at position 0"}
{"level":"error","message":"Exists title sa"}
{"level":"error","message":"Example not found by given id"}
{"level":"error","message":"Example not found by given id"}
{"level":"error","message":"Example not found by given id"}
{"level":"error","message":"Exists title sa"}
{"level":"error","message":"Payload should not be empty"}
{"level":"error","message":"Content-Type header must be application/json"}
{"level":"error","message":"Content-Type header must be application/json"}
{"level":"error","message":"Content-Type header must be application/json"}
{"level":"error","message":"Content-Type header must be application/json"}
{"level":"error","message":"Payload should not be empty"}
{"level":"error","message":"Content-Type header must be application/json"}
{"level":"error","message":"Content-Type header must be application/json"}
{"level":"error","message":"Content-Type header must be application/json"}
{"level":"error","message":"Content-Type header must be application/json"}
{"level":"error","message":"Content-Type header must be application/json"}
{"level":"error","message":"type is not defined"}
{"level":"error","message":"title must be longer than or equal to 5 characters"}
{"level":"error","message":"title must be longer than or equal to 5 characters"}
{"level":"error","message":"title must be longer than or equal to 5 characters"}
{"level":"error","message":"Exists title sadfddfd"}
{"level":"error","message":"Cannot read property 'repo' of undefined"}
{"level":"error","message":"Example not found by given id"}
{"level":"error","message":"Example not found by given id"}
{"level":"error","message":"Example not found by given id"}
{"level":"error","message":"Cannot read property 'repo' of undefined"}
{"level":"error","message":"Example not found by given id"}
{"level":"error","message":"title must be longer than or equal to 5 characters"}
{"level":"error","message":"title must be longer than or equal to 5 characters, age must be a number conforming to the specified constraints"}
{"level":"error","message":"title must be longer than or equal to 5 characters"}
